<?xml version="1.0" encoding="UTF-8" ?>
<testsuite tests="6" failures="1" name="mx.uach.fing.almaceneshwrace.models.test.UserTest" time="8.787" errors="2" skipped="0">
  <properties>
[...]
</properties>
  <testcase classname="mx.uach.fing.almaceneshwrace.models.test.UserTest" name="DeleteUser" time="8.127"/>
  <testcase classname="mx.uach.fing.almaceneshwrace.models.test.UserTest" name="UpdateUserFail" time="0.346"/>
  <testcase classname="mx.uach.fing.almaceneshwrace.models.test.UserTest" name="UpdateUserTest" time="0.087">
    <error message="An exception occurred while creating a query in EntityManager: 
Exception Description: Syntax error parsing [SELECT u FROM User u LEFT OUTER JOIN u.order WHERE u.email = &apos;chuy@ejemplo.com&apos;]. 
[45, 45] An identification variable must be defined for a JOIN expression." type="java.lang.IllegalArgumentException">java.lang.IllegalArgumentException: An exception occurred while creating a query in EntityManager: 
Exception Description: Syntax error parsing [SELECT u FROM User u LEFT OUTER JOIN u.order WHERE u.email = &apos;chuy@ejemplo.com&apos;]. 
[45, 45] An identification variable must be defined for a JOIN expression.
	at org.eclipse.persistence.internal.jpa.EntityManagerImpl.createQuery(EntityManagerImpl.java:1605)
	at mx.uach.fing.almaceneshwrace.models.User.findByEmail(User.java:162)
	at mx.uach.fing.almaceneshwrace.models.test.UserTest.UpdateUserTest(UserTest.java:96)
	at sun.reflect.NativeMethodAccessorImpl.invoke0(Native Method)
	at sun.reflect.NativeMethodAccessorImpl.invoke(NativeMethodAccessorImpl.java:62)
	at sun.reflect.DelegatingMethodAccessorImpl.invoke(DelegatingMethodAccessorImpl.java:43)
	at java.lang.reflect.Method.invoke(Method.java:497)
	at org.junit.runners.model.FrameworkMethod$1.runReflectiveCall(FrameworkMethod.java:50)
	at org.junit.internal.runners.model.ReflectiveCallable.run(ReflectiveCallable.java:12)
	at org.junit.runners.model.FrameworkMethod.invokeExplosively(FrameworkMethod.java:47)
	at org.junit.internal.runners.statements.InvokeMethod.evaluate(InvokeMethod.java:17)
	at org.junit.internal.runners.statements.RunBefores.evaluate(RunBefores.java:26)
	at org.junit.internal.runners.statements.RunAfters.evaluate(RunAfters.java:27)
	at org.junit.runners.ParentRunner.runLeaf(ParentRunner.java:325)
	at org.junit.runners.BlockJUnit4ClassRunner.runChild(BlockJUnit4ClassRunner.java:78)
	at org.junit.runners.BlockJUnit4ClassRunner.runChild(BlockJUnit4ClassRunner.java:57)
	at org.junit.runners.ParentRunner$3.run(ParentRunner.java:290)
	at org.junit.runners.ParentRunner$1.schedule(ParentRunner.java:71)
	at org.junit.runners.ParentRunner.runChildren(ParentRunner.java:288)
	at org.junit.runners.ParentRunner.access$000(ParentRunner.java:58)
	at org.junit.runners.ParentRunner$2.evaluate(ParentRunner.java:268)
	at org.junit.internal.runners.statements.RunBefores.evaluate(RunBefores.java:26)
	at org.junit.internal.runners.statements.RunAfters.evaluate(RunAfters.java:27)
	at org.junit.runners.ParentRunner.run(ParentRunner.java:363)
	at org.apache.maven.surefire.junit4.JUnit4TestSet.execute(JUnit4TestSet.java:53)
	at org.apache.maven.surefire.junit4.JUnit4Provider.executeTestSet(JUnit4Provider.java:123)
	at org.apache.maven.surefire.junit4.JUnit4Provider.invoke(JUnit4Provider.java:104)
	at sun.reflect.NativeMethodAccessorImpl.invoke0(Native Method)
	at sun.reflect.NativeMethodAccessorImpl.invoke(NativeMethodAccessorImpl.java:62)
	at sun.reflect.DelegatingMethodAccessorImpl.invoke(DelegatingMethodAccessorImpl.java:43)
	at java.lang.reflect.Method.invoke(Method.java:497)
	at org.apache.maven.surefire.util.ReflectionUtils.invokeMethodWithArray(ReflectionUtils.java:164)
	at org.apache.maven.surefire.booter.ProviderFactory$ProviderProxy.invoke(ProviderFactory.java:110)
	at org.apache.maven.surefire.booter.SurefireStarter.invokeProvider(SurefireStarter.java:175)
	at org.apache.maven.surefire.booter.SurefireStarter.runSuitesInProcessWhenForked(SurefireStarter.java:107)
	at org.apache.maven.surefire.booter.ForkedBooter.main(ForkedBooter.java:68)
Caused by: Exception [EclipseLink-0] (Eclipse Persistence Services - 2.5.2.v20140319-9ad6abd): org.eclipse.persistence.exceptions.JPQLException
Exception Description: Syntax error parsing [SELECT u FROM User u LEFT OUTER JOIN u.order WHERE u.email = &apos;chuy@ejemplo.com&apos;]. 
[45, 45] An identification variable must be defined for a JOIN expression.
	at org.eclipse.persistence.internal.jpa.jpql.HermesParser.buildException(HermesParser.java:155)
	at org.eclipse.persistence.internal.jpa.jpql.HermesParser.validate(HermesParser.java:334)
	at org.eclipse.persistence.internal.jpa.jpql.HermesParser.populateQueryImp(HermesParser.java:278)
	at org.eclipse.persistence.internal.jpa.jpql.HermesParser.buildQuery(HermesParser.java:163)
	at org.eclipse.persistence.internal.jpa.EJBQueryImpl.buildEJBQLDatabaseQuery(EJBQueryImpl.java:142)
	at org.eclipse.persistence.internal.jpa.EJBQueryImpl.buildEJBQLDatabaseQuery(EJBQueryImpl.java:116)
	at org.eclipse.persistence.internal.jpa.EJBQueryImpl.&lt;init&gt;(EJBQueryImpl.java:102)
	at org.eclipse.persistence.internal.jpa.EJBQueryImpl.&lt;init&gt;(EJBQueryImpl.java:86)
	at org.eclipse.persistence.internal.jpa.EntityManagerImpl.createQuery(EntityManagerImpl.java:1603)
	... 35 more
</error>
  </testcase>
  <testcase classname="mx.uach.fing.almaceneshwrace.models.test.UserTest" name="createUserTestFail" time="0.062"/>
  <testcase classname="mx.uach.fing.almaceneshwrace.models.test.UserTest" name="createUserTest" time="0.068">
    <error message="An exception occurred while creating a query in EntityManager: 
Exception Description: Syntax error parsing [SELECT u FROM User u LEFT OUTER JOIN u.order WHERE u.email = &apos;Iperez@ejemplo.com&apos;]. 
[45, 45] An identification variable must be defined for a JOIN expression." type="java.lang.IllegalArgumentException">java.lang.IllegalArgumentException: An exception occurred while creating a query in EntityManager: 
Exception Description: Syntax error parsing [SELECT u FROM User u LEFT OUTER JOIN u.order WHERE u.email = &apos;Iperez@ejemplo.com&apos;]. 
[45, 45] An identification variable must be defined for a JOIN expression.
	at org.eclipse.persistence.internal.jpa.EntityManagerImpl.createQuery(EntityManagerImpl.java:1605)
	at mx.uach.fing.almaceneshwrace.models.User.findByEmail(User.java:162)
	at mx.uach.fing.almaceneshwrace.models.test.UserTest.createUserTest(UserTest.java:67)
	at sun.reflect.NativeMethodAccessorImpl.invoke0(Native Method)
	at sun.reflect.NativeMethodAccessorImpl.invoke(NativeMethodAccessorImpl.java:62)
	at sun.reflect.DelegatingMethodAccessorImpl.invoke(DelegatingMethodAccessorImpl.java:43)
	at java.lang.reflect.Method.invoke(Method.java:497)
	at org.junit.runners.model.FrameworkMethod$1.runReflectiveCall(FrameworkMethod.java:50)
	at org.junit.internal.runners.model.ReflectiveCallable.run(ReflectiveCallable.java:12)
	at org.junit.runners.model.FrameworkMethod.invokeExplosively(FrameworkMethod.java:47)
	at org.junit.internal.runners.statements.InvokeMethod.evaluate(InvokeMethod.java:17)
	at org.junit.internal.runners.statements.RunBefores.evaluate(RunBefores.java:26)
	at org.junit.internal.runners.statements.RunAfters.evaluate(RunAfters.java:27)
	at org.junit.runners.ParentRunner.runLeaf(ParentRunner.java:325)
	at org.junit.runners.BlockJUnit4ClassRunner.runChild(BlockJUnit4ClassRunner.java:78)
	at org.junit.runners.BlockJUnit4ClassRunner.runChild(BlockJUnit4ClassRunner.java:57)
	at org.junit.runners.ParentRunner$3.run(ParentRunner.java:290)
	at org.junit.runners.ParentRunner$1.schedule(ParentRunner.java:71)
	at org.junit.runners.ParentRunner.runChildren(ParentRunner.java:288)
	at org.junit.runners.ParentRunner.access$000(ParentRunner.java:58)
	at org.junit.runners.ParentRunner$2.evaluate(ParentRunner.java:268)
	at org.junit.internal.runners.statements.RunBefores.evaluate(RunBefores.java:26)
	at org.junit.internal.runners.statements.RunAfters.evaluate(RunAfters.java:27)
	at org.junit.runners.ParentRunner.run(ParentRunner.java:363)
	at org.apache.maven.surefire.junit4.JUnit4TestSet.execute(JUnit4TestSet.java:53)
	at org.apache.maven.surefire.junit4.JUnit4Provider.executeTestSet(JUnit4Provider.java:123)
	at org.apache.maven.surefire.junit4.JUnit4Provider.invoke(JUnit4Provider.java:104)
	at sun.reflect.NativeMethodAccessorImpl.invoke0(Native Method)
	at sun.reflect.NativeMethodAccessorImpl.invoke(NativeMethodAccessorImpl.java:62)
	at sun.reflect.DelegatingMethodAccessorImpl.invoke(DelegatingMethodAccessorImpl.java:43)
	at java.lang.reflect.Method.invoke(Method.java:497)
	at org.apache.maven.surefire.util.ReflectionUtils.invokeMethodWithArray(ReflectionUtils.java:164)
	at org.apache.maven.surefire.booter.ProviderFactory$ProviderProxy.invoke(ProviderFactory.java:110)
	at org.apache.maven.surefire.booter.SurefireStarter.invokeProvider(SurefireStarter.java:175)
	at org.apache.maven.surefire.booter.SurefireStarter.runSuitesInProcessWhenForked(SurefireStarter.java:107)
	at org.apache.maven.surefire.booter.ForkedBooter.main(ForkedBooter.java:68)
Caused by: Exception [EclipseLink-0] (Eclipse Persistence Services - 2.5.2.v20140319-9ad6abd): org.eclipse.persistence.exceptions.JPQLException
Exception Description: Syntax error parsing [SELECT u FROM User u LEFT OUTER JOIN u.order WHERE u.email = &apos;Iperez@ejemplo.com&apos;]. 
[45, 45] An identification variable must be defined for a JOIN expression.
	at org.eclipse.persistence.internal.jpa.jpql.HermesParser.buildException(HermesParser.java:155)
	at org.eclipse.persistence.internal.jpa.jpql.HermesParser.validate(HermesParser.java:334)
	at org.eclipse.persistence.internal.jpa.jpql.HermesParser.populateQueryImp(HermesParser.java:278)
	at org.eclipse.persistence.internal.jpa.jpql.HermesParser.buildQuery(HermesParser.java:163)
	at org.eclipse.persistence.internal.jpa.EJBQueryImpl.buildEJBQLDatabaseQuery(EJBQueryImpl.java:142)
	at org.eclipse.persistence.internal.jpa.EJBQueryImpl.buildEJBQLDatabaseQuery(EJBQueryImpl.java:116)
	at org.eclipse.persistence.internal.jpa.EJBQueryImpl.&lt;init&gt;(EJBQueryImpl.java:102)
	at org.eclipse.persistence.internal.jpa.EJBQueryImpl.&lt;init&gt;(EJBQueryImpl.java:86)
	at org.eclipse.persistence.internal.jpa.EntityManagerImpl.createQuery(EntityManagerImpl.java:1603)
	... 35 more
</error>
  </testcase>
  <testcase classname="mx.uach.fing.almaceneshwrace.models.test.UserTest" name="DeleteUserFail" time="0.008">
    <failure message="Expected exception: javax.persistence.RollbackException" type="java.lang.AssertionError">java.lang.AssertionError: Expected exception: javax.persistence.RollbackException
	at org.junit.internal.runners.statements.ExpectException.evaluate(ExpectException.java:32)
	at org.junit.internal.runners.statements.RunBefores.evaluate(RunBefores.java:26)
	at org.junit.internal.runners.statements.RunAfters.evaluate(RunAfters.java:27)
	at org.junit.runners.ParentRunner.runLeaf(ParentRunner.java:325)
	at org.junit.runners.BlockJUnit4ClassRunner.runChild(BlockJUnit4ClassRunner.java:78)
	at org.junit.runners.BlockJUnit4ClassRunner.runChild(BlockJUnit4ClassRunner.java:57)
	at org.junit.runners.ParentRunner$3.run(ParentRunner.java:290)
	at org.junit.runners.ParentRunner$1.schedule(ParentRunner.java:71)
	at org.junit.runners.ParentRunner.runChildren(ParentRunner.java:288)
	at org.junit.runners.ParentRunner.access$000(ParentRunner.java:58)
	at org.junit.runners.ParentRunner$2.evaluate(ParentRunner.java:268)
	at org.junit.internal.runners.statements.RunBefores.evaluate(RunBefores.java:26)
	at org.junit.internal.runners.statements.RunAfters.evaluate(RunAfters.java:27)
	at org.junit.runners.ParentRunner.run(ParentRunner.java:363)
	at org.apache.maven.surefire.junit4.JUnit4TestSet.execute(JUnit4TestSet.java:53)
	at org.apache.maven.surefire.junit4.JUnit4Provider.executeTestSet(JUnit4Provider.java:123)
	at org.apache.maven.surefire.junit4.JUnit4Provider.invoke(JUnit4Provider.java:104)
	at sun.reflect.NativeMethodAccessorImpl.invoke0(Native Method)
	at sun.reflect.NativeMethodAccessorImpl.invoke(NativeMethodAccessorImpl.java:62)
	at sun.reflect.DelegatingMethodAccessorImpl.invoke(DelegatingMethodAccessorImpl.java:43)
	at java.lang.reflect.Method.invoke(Method.java:497)
	at org.apache.maven.surefire.util.ReflectionUtils.invokeMethodWithArray(ReflectionUtils.java:164)
	at org.apache.maven.surefire.booter.ProviderFactory$ProviderProxy.invoke(ProviderFactory.java:110)
	at org.apache.maven.surefire.booter.SurefireStarter.invokeProvider(SurefireStarter.java:175)
	at org.apache.maven.surefire.booter.SurefireStarter.runSuitesInProcessWhenForked(SurefireStarter.java:107)
	at org.apache.maven.surefire.booter.ForkedBooter.main(ForkedBooter.java:68)
</failure>
  </testcase>
</testsuite>